# JRE version: Java(TM) SE Runtime Environment (8.0_65-b17) (build 1.8.0_65-b17)
# Java VM: Java HotSpot(TM) 64-Bit Server VM (25.65-b01 mixed mode windows-amd64 compressed oops)
Heap:
 PSYoungGen      total 440320K, used 392326K [0x00000000e0000000, 0x00000000ffe00000, 0x0000000100000000)
  eden space 365568K, 100% used [0x00000000e0000000,0x00000000f6500000,0x00000000f6500000)
  from space 74752K, 35% used [0x00000000f6500000,0x00000000f7f21bc8,0x00000000fae00000)
  to   space 70656K, 99% used [0x00000000fb900000,0x00000000ffdfa248,0x00000000ffe00000)
 ParOldGen       total 268800K, used 177076K [0x00000000a0000000, 0x00000000b0680000, 0x00000000e0000000)
  object space 268800K, 65% used [0x00000000a0000000,0x00000000aaced100,0x00000000b0680000)
 Metaspace       used 88368K, capacity 94012K, committed 94640K, reserved 1130496K
  class space    used 11206K, capacity 12359K, committed 12720K, reserved 1048576K
GC Heap History (10 events):
Event: 2801.921 GC heap after
Heap after GC invocations=47 (full 6):
 PSYoungGen      total 435200K, used 23635K [0x00000000e0000000, 0x0000000100000000, 0x0000000100000000)
  eden space 346112K, 0% used [0x00000000e0000000,0x00000000e0000000,0x00000000f5200000)
  from space 89088K, 26% used [0x00000000f5200000,0x00000000f6914de8,0x00000000fa900000)
  to   space 82944K, 0% used [0x00000000faf00000,0x00000000faf00000,0x0000000100000000)
 ParOldGen       total 268800K, used 150532K [0x00000000a0000000, 0x00000000b0680000, 0x00000000e0000000)
  object space 268800K, 56% used [0x00000000a0000000,0x00000000a9301068,0x00000000b0680000)
 Metaspace       used 87314K, capacity 92824K, committed 94640K, reserved 1130496K
  class space    used 11109K, capacity 12221K, committed 12720K, reserved 1048576K
}
Event: 2802.199 GC heap before
{Heap before GC invocations=48 (full 6):
 PSYoungGen      total 435200K, used 369701K [0x00000000e0000000, 0x0000000100000000, 0x0000000100000000)
  eden space 346112K, 99% used [0x00000000e0000000,0x00000000f51f47f8,0x00000000f5200000)
  from space 89088K, 26% used [0x00000000f5200000,0x00000000f6914de8,0x00000000fa900000)
  to   space 82944K, 0% used [0x00000000faf00000,0x00000000faf00000,0x0000000100000000)
 ParOldGen       total 268800K, used 150532K [0x00000000a0000000, 0x00000000b0680000, 0x00000000e0000000)
  object space 268800K, 56% used [0x00000000a0000000,0x00000000a9301068,0x00000000b0680000)
 Metaspace       used 87315K, capacity 92824K, committed 94640K, reserved 1130496K
  class space    used 11109K, capacity 12221K, committed 12720K, reserved 1048576K
Event: 2802.204 GC heap after
Heap after GC invocations=48 (full 6):
 PSYoungGen      total 425984K, used 900K [0x00000000e0000000, 0x00000000ff700000, 0x0000000100000000)
  eden space 352256K, 0% used [0x00000000e0000000,0x00000000e0000000,0x00000000f5800000)
  from space 73728K, 1% used [0x00000000faf00000,0x00000000fafe1118,0x00000000ff700000)
  to   space 81408K, 0% used [0x00000000f5800000,0x00000000f5800000,0x00000000fa780000)
 ParOldGen       total 268800K, used 151565K [0x00000000a0000000, 0x00000000b0680000, 0x00000000e0000000)
  object space 268800K, 56% used [0x00000000a0000000,0x00000000a94034e0,0x00000000b0680000)
 Metaspace       used 87315K, capacity 92824K, committed 94640K, reserved 1130496K
  class space    used 11109K, capacity 12221K, committed 12720K, reserved 1048576K
}
Event: 3229.951 GC heap before
{Heap before GC invocations=49 (full 6):
 PSYoungGen      total 425984K, used 353156K [0x00000000e0000000, 0x00000000ff700000, 0x0000000100000000)
  eden space 352256K, 100% used [0x00000000e0000000,0x00000000f5800000,0x00000000f5800000)
  from space 73728K, 1% used [0x00000000faf00000,0x00000000fafe1118,0x00000000ff700000)
  to   space 81408K, 0% used [0x00000000f5800000,0x00000000f5800000,0x00000000fa780000)
 ParOldGen       total 268800K, used 151565K [0x00000000a0000000, 0x00000000b0680000, 0x00000000e0000000)
  object space 268800K, 56% used [0x00000000a0000000,0x00000000a94034e0,0x00000000b0680000)
 Metaspace       used 88177K, capacity 93820K, committed 94640K, reserved 1130496K
  class space    used 11203K, capacity 12359K, committed 12720K, reserved 1048576K
Event: 3229.991 GC heap after
Heap after GC invocations=49 (full 6):
 PSYoungGen      total 433664K, used 27413K [0x00000000e0000000, 0x00000000fff80000, 0x0000000100000000)
  eden space 352256K, 0% used [0x00000000e0000000,0x00000000e0000000,0x00000000f5800000)
  from space 81408K, 33% used [0x00000000f5800000,0x00000000f72c56b8,0x00000000fa780000)
  to   space 77312K, 0% used [0x00000000fb400000,0x00000000fb400000,0x00000000fff80000)
 ParOldGen       total 268800K, used 151963K [0x00000000a0000000, 0x00000000b0680000, 0x00000000e0000000)
  object space 268800K, 56% used [0x00000000a0000000,0x00000000a9466cd8,0x00000000b0680000)
 Metaspace       used 88177K, capacity 93820K, committed 94640K, reserved 1130496K
  class space    used 11203K, capacity 12359K, committed 12720K, reserved 1048576K
}
Event: 3238.208 GC heap before
{Heap before GC invocations=50 (full 6):
 PSYoungGen      total 433664K, used 379669K [0x00000000e0000000, 0x00000000fff80000, 0x0000000100000000)
  eden space 352256K, 100% used [0x00000000e0000000,0x00000000f5800000,0x00000000f5800000)
  from space 81408K, 33% used [0x00000000f5800000,0x00000000f72c56b8,0x00000000fa780000)
  to   space 77312K, 0% used [0x00000000fb400000,0x00000000fb400000,0x00000000fff80000)
 ParOldGen       total 268800K, used 151963K [0x00000000a0000000, 0x00000000b0680000, 0x00000000e0000000)
  object space 268800K, 56% used [0x00000000a0000000,0x00000000a9466cd8,0x00000000b0680000)
 Metaspace       used 88364K, capacity 94012K, committed 94640K, reserved 1130496K
  class space    used 11206K, capacity 12359K, committed 12720K, reserved 1048576K
Event: 3238.250 GC heap after
Heap after GC invocations=50 (full 6):
 PSYoungGen      total 434176K, used 30655K [0x00000000e0000000, 0x00000000ff700000, 0x0000000100000000)
  eden space 365568K, 0% used [0x00000000e0000000,0x00000000e0000000,0x00000000f6500000)
  from space 68608K, 44% used [0x00000000fb400000,0x00000000fd1efea8,0x00000000ff700000)
  to   space 74752K, 0% used [0x00000000f6500000,0x00000000f6500000,0x00000000fae00000)
 ParOldGen       total 268800K, used 159384K [0x00000000a0000000, 0x00000000b0680000, 0x00000000e0000000)
  object space 268800K, 59% used [0x00000000a0000000,0x00000000a9ba60c0,0x00000000b0680000)
 Metaspace       used 88364K, capacity 94012K, committed 94640K, reserved 1130496K
  class space    used 11206K, capacity 12359K, committed 12720K, reserved 1048576K
}
Event: 3242.686 GC heap before
{Heap before GC invocations=51 (full 6):
 PSYoungGen      total 434176K, used 396223K [0x00000000e0000000, 0x00000000ff700000, 0x0000000100000000)
  eden space 365568K, 100% used [0x00000000e0000000,0x00000000f6500000,0x00000000f6500000)
  from space 68608K, 44% used [0x00000000fb400000,0x00000000fd1efea8,0x00000000ff700000)
  to   space 74752K, 0% used [0x00000000f6500000,0x00000000f6500000,0x00000000fae00000)
 ParOldGen       total 268800K, used 159384K [0x00000000a0000000, 0x00000000b0680000, 0x00000000e0000000)
  object space 268800K, 59% used [0x00000000a0000000,0x00000000a9ba60c0,0x00000000b0680000)
 Metaspace       used 88368K, capacity 94012K, committed 94640K, reserved 1130496K
  class space    used 11206K, capacity 12359K, committed 12720K, reserved 1048576K
Event: 3242.990 GC heap after
Heap after GC invocations=51 (full 6):
 PSYoungGen      total 440320K, used 26758K [0x00000000e0000000, 0x00000000ffe00000, 0x0000000100000000)
  eden space 365568K, 0% used [0x00000000e0000000,0x00000000e0000000,0x00000000f6500000)
  from space 74752K, 35% used [0x00000000f6500000,0x00000000f7f21bc8,0x00000000fae00000)
  to   space 70656K, 0% used [0x00000000fb900000,0x00000000fb900000,0x00000000ffe00000)
 ParOldGen       total 268800K, used 162569K [0x00000000a0000000, 0x00000000b0680000, 0x00000000e0000000)
  object space 268800K, 60% used [0x00000000a0000000,0x00000000a9ec25f0,0x00000000b0680000)
 Metaspace       used 88368K, capacity 94012K, committed 94640K, reserved 1130496K
  class space    used 11206K, capacity 12359K, committed 12720K, reserved 1048576K
}
Event: 3244.583 GC heap before
{Heap before GC invocations=52 (full 6):
 PSYoungGen      total 440320K, used 392326K [0x00000000e0000000, 0x00000000ffe00000, 0x0000000100000000)
  eden space 365568K, 100% used [0x00000000e0000000,0x00000000f6500000,0x00000000f6500000)
  from space 74752K, 35% used [0x00000000f6500000,0x00000000f7f21bc8,0x00000000fae00000)
  to   space 70656K, 0% used [0x00000000fb900000,0x00000000fb900000,0x00000000ffe00000)
 ParOldGen       total 268800K, used 162569K [0x00000000a0000000, 0x00000000b0680000, 0x00000000e0000000)
  object space 268800K, 60% used [0x00000000a0000000,0x00000000a9ec25f0,0x00000000b0680000)
 Metaspace       used 88368K, capacity 94012K, committed 94640K, reserved 1130496K
  class space    used 11206K, capacity 12359K, committed 12720K, reserved 1048576K

