# JRE version: Java(TM) SE Runtime Environment (8.0_65-b17) (build 1.8.0_65-b17)
# Java VM: Java HotSpot(TM) 64-Bit Server VM (25.65-b01 mixed mode windows-amd64 compressed oops)
Heap:
 PSYoungGen      total 431104K, used 93162K [0x00000000e0000000, 0x0000000100000000, 0x0000000100000000)
  eden space 337920K, 0% used [0x00000000e0000000,0x00000000e0000000,0x00000000f4a00000)
  from space 93184K, 99% used [0x00000000f4a00000,0x00000000fa4fa820,0x00000000fa500000)
  to   space 93184K, 0% used [0x00000000fa500000,0x00000000fa500000,0x0000000100000000)
 ParOldGen       total 337408K, used 336979K [0x00000000a0000000, 0x00000000b4980000, 0x00000000e0000000)
  object space 337408K, 99% used [0x00000000a0000000,0x00000000b4914ec8,0x00000000b4980000)
 Metaspace       used 107597K, capacity 119386K, committed 119576K, reserved 1153024K
  class space    used 13765K, capacity 16639K, committed 16688K, reserved 1048576K
GC Heap History (10 events):
Event: 2734.331 GC heap after
Heap after GC invocations=64 (full 5):
 PSYoungGen      total 436736K, used 50166K [0x00000000e0000000, 0x00000000ffb80000, 0x0000000100000000)
  eden space 356864K, 0% used [0x00000000e0000000,0x00000000e0000000,0x00000000f5c80000)
  from space 79872K, 62% used [0x00000000f5c80000,0x00000000f8d7d8c0,0x00000000faa80000)
  to   space 76800K, 0% used [0x00000000fb080000,0x00000000fb080000,0x00000000ffb80000)
 ParOldGen       total 301568K, used 220692K [0x00000000a0000000, 0x00000000b2680000, 0x00000000e0000000)
  object space 301568K, 73% used [0x00000000a0000000,0x00000000ad7852b0,0x00000000b2680000)
 Metaspace       used 107512K, capacity 119244K, committed 119320K, reserved 1153024K
  class space    used 13763K, capacity 16636K, committed 16688K, reserved 1048576K
}
Event: 2737.855 GC heap before
{Heap before GC invocations=65 (full 5):
 PSYoungGen      total 436736K, used 407030K [0x00000000e0000000, 0x00000000ffb80000, 0x0000000100000000)
  eden space 356864K, 100% used [0x00000000e0000000,0x00000000f5c80000,0x00000000f5c80000)
  from space 79872K, 62% used [0x00000000f5c80000,0x00000000f8d7d8c0,0x00000000faa80000)
  to   space 76800K, 0% used [0x00000000fb080000,0x00000000fb080000,0x00000000ffb80000)
 ParOldGen       total 301568K, used 220692K [0x00000000a0000000, 0x00000000b2680000, 0x00000000e0000000)
  object space 301568K, 73% used [0x00000000a0000000,0x00000000ad7852b0,0x00000000b2680000)
 Metaspace       used 107533K, capacity 119244K, committed 119320K, reserved 1153024K
  class space    used 13763K, capacity 16636K, committed 16688K, reserved 1048576K
Event: 2738.147 GC heap after
Heap after GC invocations=65 (full 5):
 PSYoungGen      total 443392K, used 55326K [0x00000000e0000000, 0x00000000ffc00000, 0x0000000100000000)
  eden space 366592K, 0% used [0x00000000e0000000,0x00000000e0000000,0x00000000f6600000)
  from space 76800K, 72% used [0x00000000fb080000,0x00000000fe6879e0,0x00000000ffb80000)
  to   space 76288K, 0% used [0x00000000f6600000,0x00000000f6600000,0x00000000fb080000)
 ParOldGen       total 301568K, used 222120K [0x00000000a0000000, 0x00000000b2680000, 0x00000000e0000000)
  object space 301568K, 73% used [0x00000000a0000000,0x00000000ad8ea1c8,0x00000000b2680000)
 Metaspace       used 107533K, capacity 119244K, committed 119320K, reserved 1153024K
  class space    used 13763K, capacity 16636K, committed 16688K, reserved 1048576K
}
Event: 2741.156 GC heap before
{Heap before GC invocations=66 (full 5):
 PSYoungGen      total 443392K, used 421918K [0x00000000e0000000, 0x00000000ffc00000, 0x0000000100000000)
  eden space 366592K, 100% used [0x00000000e0000000,0x00000000f6600000,0x00000000f6600000)
  from space 76800K, 72% used [0x00000000fb080000,0x00000000fe6879e0,0x00000000ffb80000)
  to   space 76288K, 0% used [0x00000000f6600000,0x00000000f6600000,0x00000000fb080000)
 ParOldGen       total 301568K, used 222120K [0x00000000a0000000, 0x00000000b2680000, 0x00000000e0000000)
  object space 301568K, 73% used [0x00000000a0000000,0x00000000ad8ea1c8,0x00000000b2680000)
 Metaspace       used 107562K, capacity 119244K, committed 119320K, reserved 1153024K
  class space    used 13763K, capacity 16636K, committed 16688K, reserved 1048576K
Event: 2741.256 GC heap after
Heap after GC invocations=66 (full 5):
 PSYoungGen      total 442880K, used 49979K [0x00000000e0000000, 0x00000000ffa80000, 0x0000000100000000)
  eden space 366592K, 0% used [0x00000000e0000000,0x00000000e0000000,0x00000000f6600000)
  from space 76288K, 65% used [0x00000000f6600000,0x00000000f96cefd8,0x00000000fb080000)
  to   space 73728K, 0% used [0x00000000fb280000,0x00000000fb280000,0x00000000ffa80000)
 ParOldGen       total 301568K, used 223709K [0x00000000a0000000, 0x00000000b2680000, 0x00000000e0000000)
  object space 301568K, 74% used [0x00000000a0000000,0x00000000ada77780,0x00000000b2680000)
 Metaspace       used 107562K, capacity 119244K, committed 119320K, reserved 1153024K
  class space    used 13763K, capacity 16636K, committed 16688K, reserved 1048576K
}
Event: 2747.499 GC heap before
{Heap before GC invocations=67 (full 5):
 PSYoungGen      total 442880K, used 416571K [0x00000000e0000000, 0x00000000ffa80000, 0x0000000100000000)
  eden space 366592K, 100% used [0x00000000e0000000,0x00000000f6600000,0x00000000f6600000)
  from space 76288K, 65% used [0x00000000f6600000,0x00000000f96cefd8,0x00000000fb080000)
  to   space 73728K, 0% used [0x00000000fb280000,0x00000000fb280000,0x00000000ffa80000)
 ParOldGen       total 301568K, used 223709K [0x00000000a0000000, 0x00000000b2680000, 0x00000000e0000000)
  object space 301568K, 74% used [0x00000000a0000000,0x00000000ada77780,0x00000000b2680000)
 Metaspace       used 107597K, capacity 119386K, committed 119576K, reserved 1153024K
  class space    used 13765K, capacity 16639K, committed 16688K, reserved 1048576K
Event: 2747.658 GC heap after
Heap after GC invocations=67 (full 5):
 PSYoungGen      total 411648K, used 73699K [0x00000000e0000000, 0x0000000100000000, 0x0000000100000000)
  eden space 337920K, 0% used [0x00000000e0000000,0x00000000e0000000,0x00000000f4a00000)
  from space 73728K, 99% used [0x00000000fb280000,0x00000000ffa78d38,0x00000000ffa80000)
  to   space 93184K, 0% used [0x00000000f4a00000,0x00000000f4a00000,0x00000000fa500000)
 ParOldGen       total 301568K, used 258789K [0x00000000a0000000, 0x00000000b2680000, 0x00000000e0000000)
  object space 301568K, 85% used [0x00000000a0000000,0x00000000afcb95d0,0x00000000b2680000)
 Metaspace       used 107597K, capacity 119386K, committed 119576K, reserved 1153024K
  class space    used 13765K, capacity 16639K, committed 16688K, reserved 1048576K
}
Event: 2750.652 GC heap before
{Heap before GC invocations=68 (full 5):
 PSYoungGen      total 411648K, used 411619K [0x00000000e0000000, 0x0000000100000000, 0x0000000100000000)
  eden space 337920K, 100% used [0x00000000e0000000,0x00000000f4a00000,0x00000000f4a00000)
  from space 73728K, 99% used [0x00000000fb280000,0x00000000ffa78d38,0x00000000ffa80000)
  to   space 93184K, 0% used [0x00000000f4a00000,0x00000000f4a00000,0x00000000fa500000)
 ParOldGen       total 301568K, used 258789K [0x00000000a0000000, 0x00000000b2680000, 0x00000000e0000000)
  object space 301568K, 85% used [0x00000000a0000000,0x00000000afcb95d0,0x00000000b2680000)
 Metaspace       used 107597K, capacity 119386K, committed 119576K, reserved 1153024K
  class space    used 13765K, capacity 16639K, committed 16688K, reserved 1048576K
Event: 2750.831 GC heap after
Heap after GC invocations=68 (full 5):
 PSYoungGen      total 431104K, used 93162K [0x00000000e0000000, 0x0000000100000000, 0x0000000100000000)
  eden space 337920K, 0% used [0x00000000e0000000,0x00000000e0000000,0x00000000f4a00000)
  from space 93184K, 99% used [0x00000000f4a00000,0x00000000fa4fa820,0x00000000fa500000)
  to   space 93184K, 0% used [0x00000000fa500000,0x00000000fa500000,0x0000000100000000)
 ParOldGen       total 337408K, used 336979K [0x00000000a0000000, 0x00000000b4980000, 0x00000000e0000000)
  object space 337408K, 99% used [0x00000000a0000000,0x00000000b4914ec8,0x00000000b4980000)
 Metaspace       used 107597K, capacity 119386K, committed 119576K, reserved 1153024K
  class space    used 13765K, capacity 16639K, committed 16688K, reserved 1048576K
}
Event: 2750.831 GC heap before
{Heap before GC invocations=69 (full 6):
 PSYoungGen      total 431104K, used 93162K [0x00000000e0000000, 0x0000000100000000, 0x0000000100000000)
  eden space 337920K, 0% used [0x00000000e0000000,0x00000000e0000000,0x00000000f4a00000)
  from space 93184K, 99% used [0x00000000f4a00000,0x00000000fa4fa820,0x00000000fa500000)
  to   space 93184K, 0% used [0x00000000fa500000,0x00000000fa500000,0x0000000100000000)
 ParOldGen       total 337408K, used 336979K [0x00000000a0000000, 0x00000000b4980000, 0x00000000e0000000)
  object space 337408K, 99% used [0x00000000a0000000,0x00000000b4914ec8,0x00000000b4980000)
 Metaspace       used 107597K, capacity 119386K, committed 119576K, reserved 1153024K
  class space    used 13765K, capacity 16639K, committed 16688K, reserved 1048576K

